<?xml version="1.0" encoding="UTF-8"?>
<!-- Generated by org.testng.reporters.JUnitXMLReporter -->
<testsuite hostname="DESKTOP-RTFSPNK" ignored="0" name="Expense Create Case" tests="3" failures="0" timestamp="17 May 2019 14:31:16 GMT" time="109.61" errors="0">
  <testcase name="LoginTest" time="21.917" classname="com.fieldez.testcases.TC_CreateCallTest_003"/>
  <testcase name="CreateCallTest" time="33.004" classname="com.fieldez.testcases.TC_CreateCallTest_003"/>
  <testcase name="UploadCallLevelAttachments" time="37.296" classname="com.fieldez.testcases.TC_CreateCallTest_003"/>
</testsuite> <!-- Expense Create Case -->
